<?xml version="1.0" encoding="UTF-8"?>
<!-- Generated by org.testng.reporters.JUnitReportReporter -->
<testsuite hostname="DESKTOP-0NJMRIR" name="pomObjectTestcases.FindByTestCase" tests="1" failures="0" timestamp="9 Aug 2018 00:34:27 GMT" time="31.212" errors="0">
  <testcase name="checklogin" time="31.212" classname="pomObjectTestcases.FindByTestCase"/>
</testsuite> <!-- pomObjectTestcases.FindByTestCase -->
