<?xml version="1.0" encoding="UTF-8"?>
<!-- Generated by org.testng.reporters.JUnitReportReporter -->
<testsuite hostname="DESKTOP-0NJMRIR" name="pomObjectTestcases.TestcaseOne2" tests="1" failures="0" timestamp="9 Aug 2018 00:31:13 GMT" time="14.806" errors="0">
  <testcase name="verifyLogin" time="14.806" classname="pomObjectTestcases.TestcaseOne2"/>
</testsuite> <!-- pomObjectTestcases.TestcaseOne2 -->
